0 info it worked if it ends with ok
1 verbose cli [ '/usr/local/bin/node', '/usr/local/bin/npm', 'publish' ]
2 info using npm@2.11.2
3 info using node@v0.12.5
4 verbose publish [ '.' ]
5 silly cache add args [ '.', null ]
6 verbose cache add spec .
7 silly cache add parsed spec { raw: '.',
7 silly cache add   scope: null,
7 silly cache add   name: null,
7 silly cache add   rawSpec: '.',
7 silly cache add   spec: '/Users/rmarquez14/Code/web-arduino',
7 silly cache add   type: 'directory' }
8 verbose addLocalDirectory /Users/rmarquez14/.npm/web-arduino/0.4.5/package.tgz not in flight; packing
9 verbose tar pack [ '/Users/rmarquez14/.npm/web-arduino/0.4.5/package.tgz',
9 verbose tar pack   '/Users/rmarquez14/Code/web-arduino' ]
10 verbose tarball /Users/rmarquez14/.npm/web-arduino/0.4.5/package.tgz
11 verbose folder /Users/rmarquez14/Code/web-arduino
12 info prepublish web-arduino@0.4.5
13 verbose addLocalTarball adding from inside cache /Users/rmarquez14/.npm/web-arduino/0.4.5/package.tgz
14 silly cache afterAdd web-arduino@0.4.5
15 verbose afterAdd /Users/rmarquez14/.npm/web-arduino/0.4.5/package/package.json not in flight; writing
16 verbose afterAdd /Users/rmarquez14/.npm/web-arduino/0.4.5/package/package.json written
17 silly publish { name: 'web-arduino',
17 silly publish   version: '0.4.5',
17 silly publish   description: 'A web-based approach to rapid Arduino prototyping',
17 silly publish   author: { name: 'Richard Marquez', email: 'richard92m@me.com' },
17 silly publish   bin: { 'web-arduino': 'index.js' },
17 silly publish   keywords: [ 'arduino', 'web', 'controller', 'prototyping' ],
17 silly publish   repository:
17 silly publish    { type: 'git',
17 silly publish      url: 'git://github.com/richard92m/web-arduino.git' },
17 silly publish   bugs: { url: 'https://github.com/richard92m/web-arduino/issues' },
17 silly publish   license: 'MIT',
17 silly publish   devDependencies:
17 silly publish    { grunt: '^0.4.5',
17 silly publish      'grunt-contrib-jade': '^0.14.1',
17 silly publish      'grunt-contrib-jshint': '^0.12.0',
17 silly publish      'grunt-contrib-sass': '^0.9.2',
17 silly publish      'grunt-contrib-watch': '^0.6.1',
17 silly publish      jade: '^1.9.2' },
17 silly publish   dependencies: { 'johnny-five': '^0.9.19', minimist: '^1.2.0' },
17 silly publish   readme: '# web-arduino\nA web-based approach to rapid Arduino prototyping\n\n## Requirements\n- [Arduino IDE](https://www.arduino.cc/en/Main/Software)\n- [Node.js](https://nodejs.org/en/)\n- [PingFirmata](http://johnny-five.io/api/proximity/#pingfirmata)\n\n## Installation\n`npm install -g web-arduino`\n\n## Usage\n2. Connect  Arduino via USB\n1. Execute `web-arduino`\n2. Navigate to [`http://localhost:8080`](http://localhost:8080) in web browser\n\n<!--\n```javascript\nasdf\n```\n\n![image](https://github.com/richard92m/web-arduino/raw/master/assets/led-blink.gif)\n-->\n',
17 silly publish   readmeFilename: 'README.md',
17 silly publish   gitHead: '9f8af25a03fa79734b50c7ee59fa1799062200b2',
17 silly publish   homepage: 'https://github.com/richard92m/web-arduino#readme',
17 silly publish   _id: 'web-arduino@0.4.5',
17 silly publish   scripts: {},
17 silly publish   _shasum: 'c0b4ec8525686dac22fbcdff44c08090e4e26fd6',
17 silly publish   _from: '.' }
18 verbose getPublishConfig undefined
19 silly mapToRegistry name web-arduino
20 silly mapToRegistry using default registry
21 silly mapToRegistry registry https://registry.npmjs.org/
22 silly mapToRegistry uri https://registry.npmjs.org/web-arduino
23 verbose publish registryBase https://registry.npmjs.org/
24 silly publish uploading /Users/rmarquez14/.npm/web-arduino/0.4.5/package.tgz
25 verbose request uri https://registry.npmjs.org/web-arduino
26 verbose request sending authorization for write operation
27 info attempt registry request try #1 at 2:49:59 AM
28 verbose request using bearer token for auth
29 verbose request id 31abb2078b731000
30 http request PUT https://registry.npmjs.org/web-arduino
31 http 403 https://registry.npmjs.org/web-arduino
32 verbose headers { 'content-type': 'application/json',
32 verbose headers   'cache-control': 'max-age=300',
32 verbose headers   'content-length': '103',
32 verbose headers   'accept-ranges': 'bytes',
32 verbose headers   date: 'Mon, 08 Feb 2016 08:50:00 GMT',
32 verbose headers   via: '1.1 varnish',
32 verbose headers   connection: 'keep-alive',
32 verbose headers   'x-served-by': 'cache-dfw1825-DFW',
32 verbose headers   'x-cache': 'MISS',
32 verbose headers   'x-cache-hits': '0',
32 verbose headers   'x-timer': 'S1454921399.739876,VS0,VE823' }
33 verbose request invalidating /Users/rmarquez14/.npm/registry.npmjs.org/web-arduino on PUT
34 error publish Failed PUT 403
35 verbose stack Error: You do not have permission to publish 'web-arduino'. Are you logged in as the correct user? : web-arduino
35 verbose stack     at CachingRegistryClient.<anonymous> (/usr/local/lib/node_modules/npm/node_modules/npm-registry-client/lib/request.js:247:14)
35 verbose stack     at Request._callback (/usr/local/lib/node_modules/npm/node_modules/npm-registry-client/lib/request.js:170:14)
35 verbose stack     at Request.self.callback (/usr/local/lib/node_modules/npm/node_modules/request/request.js:354:22)
35 verbose stack     at Request.emit (events.js:110:17)
35 verbose stack     at Request.<anonymous> (/usr/local/lib/node_modules/npm/node_modules/request/request.js:1207:14)
35 verbose stack     at Request.emit (events.js:129:20)
35 verbose stack     at IncomingMessage.<anonymous> (/usr/local/lib/node_modules/npm/node_modules/request/request.js:1153:12)
35 verbose stack     at IncomingMessage.emit (events.js:129:20)
35 verbose stack     at _stream_readable.js:908:16
35 verbose stack     at process._tickCallback (node.js:355:11)
36 verbose statusCode 403
37 verbose pkgid web-arduino
38 verbose cwd /Users/rmarquez14/Code/web-arduino
39 error Darwin 15.2.0
40 error argv "/usr/local/bin/node" "/usr/local/bin/npm" "publish"
41 error node v0.12.5
42 error npm  v2.11.2
43 error code E403
44 error You do not have permission to publish 'web-arduino'. Are you logged in as the correct user? : web-arduino
45 error If you need help, you may report this error at:
45 error     <https://github.com/npm/npm/issues>
46 verbose exit [ 1, true ]
